[2019-04-23_13:57:55]
/home/mopip77/Desktop/univercity/MintBackup/ML
/home/mopip77/2
-------------------------------
[2019-04-23_14:05:51]
/home/mopip77/Desktop/univercity/MintBackup/ML
/home/mopip77/2
-------------------------------
[2019-04-23_14:13:40]
/home/mopip77/Desktop/univercity/MintBackup/ML
/home/mopip77/2
-------------------------------
[2019-04-23_14:13:53]
/home/mopip77/Desktop/univercity/MintBackup/ML
/home/mopip77/2
-------------------------------
[2019-04-23_19:03:06]
/home/mopip77/Desktop/univercity/MintBackup/ML
/home/mopip77/2
-------------------------------
[2019-04-23_23:26:37]
/home/mopip77/2

备份失败,remote未连接:
root@47.107.90.226:/var/www/html/ML
-------------------------------
[2019-04-23_23:26:55]
/home/mopip77/Desktop/univercity/MintBackup/ML
/home/mopip77/2
-------------------------------
[2019-04-23_23:28:07]
/home/mopip77/Desktop/univercity/MintBackup/ML
/home/mopip77/2
-------------------------------
[2019-04-24_12:54:27]
/home/mopip77/Desktop/univercity/MintBackup/ML
/home/mopip77/2
-------------------------------
[2019-04-24_13:00:03]
/home/mopip77/Desktop/univercity/MintBackup/ML
-------------------------------
[2019-04-24_17:36:47]


备份失败,remote未连接:
root@47.107.90.226:/var/www/html/ML
-------------------------------
[2019-04-24_17:37:27]
/home/mopip77/Desktop/univercity/MintBackup/ML
-------------------------------
[2019-04-24_21:26:12]
/home/mopip77/Desktop/univercity/MintBackup/ML
-------------------------------
[2019-04-25_13:00:03]
/home/mopip77/Desktop/univercity/MintBackup/ML
-------------------------------
[2019-04-25_19:00:03]
/home/mopip77/Desktop/univercity/MintBackup/ML
-------------------------------
[2019-04-26_13:00:04]
/home/mopip77/Desktop/univercity/MintBackup/ML
-------------------------------
[2019-04-26_14:08:39]
/home/mopip77/Desktop/univercity/MintBackup/ML
-------------------------------
[2019-04-26_19:00:03]
/home/mopip77/Desktop/univercity/MintBackup/ML
-------------------------------
[2019-04-27_19:00:03]
/home/mopip77/Desktop/univercity/MintBackup/ML
-------------------------------
[2019-04-28_19:00:03]
/home/mopip77/Desktop/univercity/MintBackup/ML
-------------------------------
[2019-04-29_13:00:08]
/home/mopip77/Desktop/univercity/MintBackup/ML
-------------------------------
[2019-04-29_19:00:06]
/home/mopip77/Desktop/univercity/MintBackup/ML
-------------------------------
[2019-04-29_22:13:02]
/home/mopip77/Desktop/univercity/MintBackup/ML
-------------------------------
[2019-04-30_13:00:03]
/home/mopip77/Desktop/univercity/MintBackup/ML
-------------------------------
[2019-04-30_19:00:07]


备份失败,remote未连接:
root@47.107.90.226:/var/www/html/ML
-------------------------------
[2019-05-01_13:00:07]


备份失败,remote未连接:
root@47.107.90.226:/var/www/html/ML
-------------------------------
[2019-05-01_17:36:27]
/home/mopip77/Desktop/univercity/MintBackup/ML
-------------------------------
[2019-05-01_19:00:05]
/home/mopip77/Desktop/univercity/MintBackup/ML
-------------------------------
[2019-05-02_13:00:06]
/home/mopip77/Desktop/univercity/MintBackup/ML
-------------------------------
[2019-05-02_17:45:53]
/home/mopip77/Desktop/univercity/MintBackup/ML
-------------------------------
[2019-05-02_23:11:44]
/home/mopip77/Desktop/univercity/MintBackup/ML
-------------------------------
[2019-05-03_13:00:02]
/home/mopip77/Desktop/univercity/MintBackup/ML
-------------------------------
[2019-05-03_19:00:02]
/home/mopip77/Desktop/univercity/MintBackup/ML
-------------------------------
[2019-05-04_13:00:06]


备份失败,remote未连接:
root@47.107.90.226:/var/www/html/ML
-------------------------------
[2019-05-04_19:00:03]
/home/mopip77/Desktop/univercity/MintBackup/ML
-------------------------------
[2019-05-05_19:00:03]
/home/mopip77/Desktop/univercity/MintBackup/ML
-------------------------------
[2019-05-06_19:00:06]


备份失败,remote未连接:
root@47.107.90.226:/var/www/html/ML
-------------------------------
[2019-05-07_13:00:07]


备份失败,remote未连接:
root@47.107.90.226:/var/www/html/ML
-------------------------------
[2019-05-07_19:00:03]
/home/mopip77/Desktop/univercity/MintBackup/ML
-------------------------------
[2019-05-07_20:52:50]
/home/mopip77/Desktop/univercity/MintBackup/ML
-------------------------------
[2019-05-07_20:57:36]
/home/mopip77/Desktop/univercity/MintBackup/ML
/home/mopip77/Desktop/univercity/MintBackup/wallpaper
-------------------------------
[2019-05-09_13:00:03]
/home/mopip77/Desktop/univercity/MintBackup/ML
/home/mopip77/Desktop/univercity/MintBackup/wallpaper
-------------------------------
[2019-05-09_19:00:03]
/home/mopip77/Desktop/univercity/MintBackup/ML
/home/mopip77/Desktop/univercity/MintBackup/wallpaper
-------------------------------
[2019-05-10_19:00:03]
/home/mopip77/Desktop/univercity/MintBackup/ML
/home/mopip77/Desktop/univercity/MintBackup/wallpaper
-------------------------------
[2019-05-11_19:00:06]
/home/mopip77/Desktop/univercity/MintBackup/wallpaper

备份失败,remote未连接:
root@47.107.90.226:/var/www/html/ML
-------------------------------
[2019-05-12_13:00:03]
/home/mopip77/Desktop/univercity/MintBackup/ML
/home/mopip77/Desktop/univercity/MintBackup/wallpaper
-------------------------------
[2019-05-12_19:00:02]
/home/mopip77/Desktop/univercity/MintBackup/ML
/home/mopip77/Desktop/univercity/MintBackup/wallpaper
-------------------------------
[2019-05-13_19:00:02]
/home/mopip77/Desktop/univercity/MintBackup/ML
/home/mopip77/Desktop/univercity/MintBackup/wallpaper
-------------------------------
[2019-05-14_13:00:03]
/home/mopip77/Desktop/univercity/MintBackup/ML
/home/mopip77/Desktop/univercity/MintBackup/wallpaper
-------------------------------
[2019-05-14_19:00:02]
/home/mopip77/Desktop/univercity/MintBackup/ML
/home/mopip77/Desktop/univercity/MintBackup/wallpaper
-------------------------------
[2019-05-14_19:32:06]
/home/mopip77/Desktop/univercity/MintBackup/ML
/home/mopip77/Desktop/univercity/MintBackup/wallpaper
-------------------------------
[2019-05-14_22:19:04]
/home/mopip77/Desktop/univercity/MintBackup/ML
/home/mopip77/Desktop/univercity/MintBackup/wallpaper
-------------------------------
[2019-05-15_10:27:22]
/home/mopip77/Desktop/univercity/MintBackup/ML
/home/mopip77/Desktop/univercity/MintBackup/wallpaper
-------------------------------
[2019-05-15_19:00:03]
/home/mopip77/Desktop/univercity/MintBackup/ML
/home/mopip77/Desktop/univercity/MintBackup/wallpaper
-------------------------------
[2019-05-15_20:31:02]
/home/mopip77/Desktop/univercity/MintBackup/ML
/home/mopip77/Desktop/univercity/MintBackup/wallpaper
-------------------------------
[2019-05-15_22:41:42]
/home/mopip77/Desktop/univercity/MintBackup/ML
/home/mopip77/Desktop/univercity/MintBackup/wallpaper
-------------------------------
[2019-05-16_19:00:02]
/home/mopip77/Desktop/univercity/MintBackup/ML
/home/mopip77/Desktop/univercity/MintBackup/wallpaper
-------------------------------
[2019-05-19_19:00:03]
/home/mopip77/Desktop/univercity/MintBackup/ML
/home/mopip77/Desktop/univercity/MintBackup/wallpaper
-------------------------------
[2019-05-20_13:00:02]
/home/mopip77/Desktop/univercity/MintBackup/ML
/home/mopip77/Desktop/univercity/MintBackup/wallpaper
-------------------------------
[2019-05-20_19:00:06]
/home/mopip77/Desktop/univercity/MintBackup/wallpaper

备份失败,remote未连接:
root@47.107.90.226:/var/www/html/ML
-------------------------------
[2019-05-21_19:00:02]
/home/mopip77/Desktop/univercity/MintBackup/ML
/home/mopip77/Desktop/univercity/MintBackup/wallpaper
-------------------------------
[2019-05-22_19:00:06]
/home/mopip77/Desktop/univercity/MintBackup/wallpaper

备份失败,remote未连接:
root@47.107.90.226:/var/www/html/ML
-------------------------------
[2019-05-24_13:00:04]
/home/mopip77/Desktop/univercity/MintBackup/ML
/home/mopip77/Desktop/univercity/MintBackup/wallpaper
-------------------------------
[2019-05-25_13:53:10]
/home/mopip77/Desktop/univercity/MintBackup/wallpaper

备份失败,remote未连接:
root@47.107.90.226:/var/www/html/ML
-------------------------------
[2019-05-26_19:00:03]
/home/mopip77/Desktop/univercity/MintBackup/ML
/home/mopip77/Desktop/univercity/MintBackup/wallpaper
-------------------------------
[2019-05-27_13:00:03]
/home/mopip77/Desktop/univercity/MintBackup/ML
/home/mopip77/Desktop/univercity/MintBackup/wallpaper
-------------------------------
[2019-05-27_16:07:04]
/home/mopip77/Desktop/univercity/MintBackup/ML
/home/mopip77/Desktop/univercity/MintBackup/wallpaper
-------------------------------
[2019-05-27_19:00:02]
/home/mopip77/Desktop/univercity/MintBackup/ML
/home/mopip77/Desktop/univercity/MintBackup/wallpaper
-------------------------------
[2019-05-29_19:00:03]
/home/mopip77/Desktop/univercity/MintBackup/ML
/home/mopip77/Desktop/univercity/MintBackup/wallpaper
-------------------------------
[2019-05-30_13:00:06]
/home/mopip77/Desktop/univercity/MintBackup/wallpaper

备份失败,remote未连接:
root@47.107.90.226:/var/www/html/ML
-------------------------------
[2019-05-30_19:00:03]
/home/mopip77/Desktop/univercity/MintBackup/ML
/home/mopip77/Desktop/univercity/MintBackup/wallpaper
-------------------------------
[2019-05-31_19:00:02]
/home/mopip77/Desktop/univercity/MintBackup/ML
/home/mopip77/Desktop/univercity/MintBackup/wallpaper
-------------------------------
[2019-06-01_19:00:03]
/home/mopip77/Desktop/univercity/MintBackup/ML
/home/mopip77/Desktop/univercity/MintBackup/wallpaper
-------------------------------
[2019-06-03_13:00:07]
/home/mopip77/Desktop/univercity/MintBackup/wallpaper

备份失败,remote未连接:
root@47.107.90.226:/var/www/html/ML
-------------------------------
[2019-06-03_19:00:03]
/home/mopip77/Desktop/univercity/MintBackup/ML
/home/mopip77/Desktop/univercity/MintBackup/wallpaper
-------------------------------
[2019-06-04_19:00:02]
/home/mopip77/Desktop/univercity/MintBackup/ML
/home/mopip77/Desktop/univercity/MintBackup/wallpaper
-------------------------------
[2019-06-05_13:00:03]
/home/mopip77/Desktop/univercity/MintBackup/ML
/home/mopip77/Desktop/univercity/MintBackup/wallpaper
-------------------------------
[2019-06-05_19:00:02]
/home/mopip77/Desktop/univercity/MintBackup/ML
/home/mopip77/Desktop/univercity/MintBackup/wallpaper
-------------------------------
[2019-06-06_19:00:02]
/home/mopip77/Desktop/univercity/MintBackup/ML
/home/mopip77/Desktop/univercity/MintBackup/wallpaper
-------------------------------
[2019-06-07_13:00:02]
/home/mopip77/Desktop/univercity/MintBackup/ML
/home/mopip77/Desktop/univercity/MintBackup/wallpaper
-------------------------------
[2019-06-07_19:00:03]
/home/mopip77/Desktop/univercity/MintBackup/ML
/home/mopip77/Desktop/univercity/MintBackup/wallpaper
-------------------------------
[2019-06-08_13:00:03]
/home/mopip77/Desktop/univercity/MintBackup/ML
/home/mopip77/Desktop/univercity/MintBackup/wallpaper
-------------------------------
[2019-06-08_19:00:02]
/home/mopip77/Desktop/univercity/MintBackup/ML
/home/mopip77/Desktop/univercity/MintBackup/wallpaper
-------------------------------
[2019-06-09_13:00:02]
/home/mopip77/Desktop/univercity/MintBackup/ML
/home/mopip77/Desktop/univercity/MintBackup/wallpaper
-------------------------------
[2019-06-09_19:00:03]
/home/mopip77/Desktop/univercity/MintBackup/ML
/home/mopip77/Desktop/univercity/MintBackup/wallpaper
-------------------------------
[2019-06-10_13:00:03]
/home/mopip77/Desktop/univercity/MintBackup/ML
/home/mopip77/Desktop/univercity/MintBackup/wallpaper
-------------------------------
[2019-06-10_19:00:02]
/home/mopip77/Desktop/univercity/MintBackup/ML
/home/mopip77/Desktop/univercity/MintBackup/wallpaper
-------------------------------
[2019-06-11_19:00:04]
/home/mopip77/Desktop/univercity/MintBackup/ML
/home/mopip77/Desktop/univercity/MintBackup/wallpaper
-------------------------------
[2019-06-12_19:00:03]
/home/mopip77/Desktop/univercity/MintBackup/ML
/home/mopip77/Desktop/univercity/MintBackup/wallpaper
-------------------------------
[2019-06-12_22:33:14]
/home/mopip77/Desktop/univercity/MintBackup/ML
/home/mopip77/Desktop/univercity/MintBackup/wallpaper
-------------------------------
[2019-06-12_22:34:10]
/home/mopip77/Desktop/univercity/MintBackup/ML
/home/mopip77/Desktop/univercity/MintBackup/wallpaper
-------------------------------
